Sat Feb  2 22:07:07 CST 2019
Sat Feb  2 22:35:24 CST 2019
Sat Feb  2 22:45:32 CST 2019
Sat Feb  2 22:55:40 CST 2019
Sat Feb  2 23:05:48 CST 2019
Sat Feb  2 23:15:56 CST 2019
Sat Feb  2 23:26:06 CST 2019
Sat Feb  2 23:36:17 CST 2019
Sat Feb  2 23:46:26 CST 2019
Sat Feb  2 23:56:37 CST 2019
Sun Feb  3 00:06:46 CST 2019
Sun Feb  3 00:16:54 CST 2019
Sun Feb  3 00:27:07 CST 2019
Sun Feb  3 00:37:16 CST 2019
Sun Feb  3 00:47:25 CST 2019
Sun Feb  3 00:57:35 CST 2019
Sun Feb  3 01:07:46 CST 2019
Sun Feb  3 01:17:57 CST 2019
Sun Feb  3 01:28:13 CST 2019
Sun Feb  3 01:38:20 CST 2019
Sun Feb  3 01:48:30 CST 2019
Sun Feb  3 01:58:39 CST 2019
Sun Feb  3 02:08:54 CST 2019
Sun Feb  3 02:19:03 CST 2019
Sun Feb  3 02:29:11 CST 2019
Sun Feb  3 02:39:22 CST 2019
Sun Feb  3 02:49:33 CST 2019
Sun Feb  3 02:59:45 CST 2019
Sun Feb  3 03:09:55 CST 2019
Sun Feb  3 03:20:06 CST 2019
Sun Feb  3 03:30:14 CST 2019
Sun Feb  3 03:40:22 CST 2019
Sun Feb  3 03:50:32 CST 2019
Sun Feb  3 04:00:41 CST 2019
Sun Feb  3 04:10:49 CST 2019
Sun Feb  3 04:20:58 CST 2019
Sun Feb  3 04:31:09 CST 2019
Sun Feb  3 04:41:17 CST 2019
Sun Feb  3 04:51:26 CST 2019
Sun Feb  3 05:01:35 CST 2019
Sun Feb  3 05:11:42 CST 2019
Sun Feb  3 05:21:50 CST 2019
Sun Feb  3 05:31:58 CST 2019
Sun Feb  3 05:42:07 CST 2019
Sun Feb  3 05:52:15 CST 2019
Sun Feb  3 06:02:23 CST 2019
Sun Feb  3 06:12:30 CST 2019
Sun Feb  3 06:22:39 CST 2019
Sun Feb  3 06:32:47 CST 2019
Sun Feb  3 06:42:55 CST 2019
Sun Feb  3 06:53:05 CST 2019
Sun Feb  3 07:03:13 CST 2019
Sun Feb  3 07:13:22 CST 2019
Sun Feb  3 07:23:29 CST 2019
Sun Feb  3 07:33:37 CST 2019
Sun Feb  3 07:43:45 CST 2019
Sun Feb  3 07:53:52 CST 2019
Sun Feb  3 08:04:00 CST 2019
Sun Feb  3 08:14:08 CST 2019
Sun Feb  3 08:24:16 CST 2019
Sun Feb  3 08:34:23 CST 2019
Sun Feb  3 08:44:31 CST 2019
Sun Feb  3 08:54:40 CST 2019
Sun Feb  3 09:04:48 CST 2019
Sun Feb  3 09:14:56 CST 2019
Sun Feb  3 09:25:08 CST 2019
Sun Feb  3 09:35:17 CST 2019
Sun Feb  3 09:45:25 CST 2019
Sun Feb  3 09:55:33 CST 2019
Sun Feb  3 10:05:41 CST 2019
Sun Feb  3 10:15:49 CST 2019
Sun Feb  3 10:25:59 CST 2019
Sun Feb  3 10:36:09 CST 2019
Sun Feb  3 10:46:16 CST 2019
Sun Feb  3 10:56:25 CST 2019
Sun Feb  3 11:06:33 CST 2019
Sun Feb  3 11:16:41 CST 2019
Sun Feb  3 11:26:49 CST 2019
Sun Feb  3 11:36:57 CST 2019
Sun Feb  3 11:47:07 CST 2019
Sun Feb  3 11:57:17 CST 2019
Sun Feb  3 12:07:26 CST 2019
Sun Feb  3 12:17:34 CST 2019
Sun Feb  3 12:27:42 CST 2019
Sun Feb  3 12:37:49 CST 2019
Sun Feb  3 12:47:58 CST 2019
Sun Feb  3 12:58:08 CST 2019
Sun Feb  3 13:08:16 CST 2019
Sun Feb  3 13:18:25 CST 2019
Sun Feb  3 13:28:34 CST 2019
Sun Feb  3 13:38:42 CST 2019
Sun Feb  3 13:48:50 CST 2019
Sun Feb  3 13:58:58 CST 2019
Sun Feb  3 14:09:07 CST 2019
Sun Feb  3 14:19:18 CST 2019
Sun Feb  3 14:29:26 CST 2019
Sun Feb  3 14:39:34 CST 2019
Sun Feb  3 14:49:46 CST 2019
Sun Feb  3 14:59:58 CST 2019
Sun Feb  3 15:10:08 CST 2019
Sun Feb  3 15:20:16 CST 2019
Sun Feb  3 15:30:24 CST 2019
Sun Feb  3 15:40:33 CST 2019
Sun Feb  3 15:50:42 CST 2019
Sun Feb  3 16:00:50 CST 2019
Sun Feb  3 16:10:58 CST 2019
Sun Feb  3 16:21:07 CST 2019
Sun Feb  3 16:31:15 CST 2019
Sun Feb  3 16:41:24 CST 2019
Sun Feb  3 16:51:32 CST 2019
Sun Feb  3 17:01:40 CST 2019
Sun Feb  3 17:11:48 CST 2019
Sun Feb  3 17:22:07 CST 2019
Sun Feb  3 17:32:16 CST 2019
Sun Feb  3 17:42:24 CST 2019
Sun Feb  3 17:52:35 CST 2019
Sun Feb  3 18:02:43 CST 2019
Sun Feb  3 18:12:51 CST 2019
Sun Feb  3 18:23:00 CST 2019
Sun Feb  3 18:33:11 CST 2019
Sun Feb  3 18:43:20 CST 2019
Sun Feb  3 18:53:31 CST 2019
Sun Feb  3 19:03:39 CST 2019
Sun Feb  3 19:13:47 CST 2019
Sun Feb  3 19:23:55 CST 2019
Sun Feb  3 19:34:04 CST 2019
Sun Feb  3 19:44:13 CST 2019
Sun Feb  3 19:54:22 CST 2019
Sun Feb  3 20:04:32 CST 2019
Sun Feb  3 20:14:40 CST 2019
Sun Feb  3 20:24:49 CST 2019
Sun Feb  3 20:34:57 CST 2019
Sun Feb  3 20:45:14 CST 2019
Sun Feb  3 20:55:26 CST 2019
Sun Feb  3 21:05:34 CST 2019
Sun Feb  3 21:15:43 CST 2019
Sun Feb  3 21:26:01 CST 2019
Sun Feb  3 21:36:11 CST 2019
Sun Feb  3 21:46:21 CST 2019
Sun Feb  3 21:56:30 CST 2019
Sun Feb  3 22:06:40 CST 2019
Sun Feb  3 22:16:48 CST 2019
Sun Feb  3 22:26:58 CST 2019
Sun Feb  3 22:37:08 CST 2019
Sun Feb  3 22:47:16 CST 2019
Sun Feb  3 22:57:33 CST 2019
Sun Feb  3 23:07:55 CST 2019
Sun Feb  3 23:18:09 CST 2019
Sun Feb  3 23:28:30 CST 2019
Sun Feb  3 23:38:41 CST 2019
Sun Feb  3 23:49:00 CST 2019
Sun Feb  3 23:59:18 CST 2019
Mon Feb  4 00:09:29 CST 2019
Mon Feb  4 00:19:48 CST 2019
Mon Feb  4 00:30:11 CST 2019
Mon Feb  4 00:40:21 CST 2019
Mon Feb  4 00:50:34 CST 2019
Mon Feb  4 01:00:51 CST 2019
Mon Feb  4 01:11:31 CST 2019
Mon Feb  4 01:22:12 CST 2019
Mon Feb  4 01:33:07 CST 2019
Mon Feb  4 01:43:28 CST 2019
Mon Feb  4 01:53:40 CST 2019
Mon Feb  4 02:04:00 CST 2019
Mon Feb  4 02:14:19 CST 2019
Mon Feb  4 02:24:33 CST 2019
Mon Feb  4 02:34:48 CST 2019
Mon Feb  4 02:44:58 CST 2019
Mon Feb  4 02:55:08 CST 2019
Mon Feb  4 03:05:17 CST 2019
Mon Feb  4 03:15:28 CST 2019
Mon Feb  4 03:25:41 CST 2019
Mon Feb  4 03:35:50 CST 2019
Mon Feb  4 03:45:59 CST 2019
Mon Feb  4 03:56:31 CST 2019
Mon Feb  4 04:06:40 CST 2019
Mon Feb  4 04:16:50 CST 2019
Mon Feb  4 04:27:04 CST 2019
Mon Feb  4 04:37:12 CST 2019
Mon Feb  4 04:47:21 CST 2019
Mon Feb  4 04:57:32 CST 2019
Mon Feb  4 05:07:40 CST 2019
Mon Feb  4 05:17:49 CST 2019
Mon Feb  4 05:27:57 CST 2019
Mon Feb  4 05:38:04 CST 2019
Mon Feb  4 05:48:13 CST 2019
Mon Feb  4 05:58:21 CST 2019
Mon Feb  4 06:08:29 CST 2019
Mon Feb  4 06:18:37 CST 2019
Mon Feb  4 06:28:45 CST 2019
Mon Feb  4 06:38:53 CST 2019
Mon Feb  4 06:49:01 CST 2019
Mon Feb  4 06:59:10 CST 2019
Mon Feb  4 07:09:19 CST 2019
Mon Feb  4 07:19:28 CST 2019
Mon Feb  4 07:29:36 CST 2019
Mon Feb  4 07:39:47 CST 2019
Mon Feb  4 07:49:55 CST 2019
Mon Feb  4 08:00:04 CST 2019
Mon Feb  4 08:10:12 CST 2019
Mon Feb  4 08:20:21 CST 2019
Mon Feb  4 08:30:29 CST 2019
Mon Feb  4 08:40:37 CST 2019
Mon Feb  4 08:50:46 CST 2019
Mon Feb  4 09:00:54 CST 2019
Mon Feb  4 09:11:02 CST 2019
Mon Feb  4 09:21:10 CST 2019
Mon Feb  4 09:31:22 CST 2019
Mon Feb  4 09:41:30 CST 2019
Mon Feb  4 09:51:39 CST 2019
Mon Feb  4 10:01:50 CST 2019
Mon Feb  4 10:11:58 CST 2019
Mon Feb  4 10:22:08 CST 2019
Mon Feb  4 10:32:15 CST 2019
Mon Feb  4 10:42:24 CST 2019
Mon Feb  4 10:52:32 CST 2019
Mon Feb  4 11:02:42 CST 2019
Mon Feb  4 11:12:54 CST 2019
Mon Feb  4 11:23:10 CST 2019
Mon Feb  4 11:33:20 CST 2019
Mon Feb  4 11:43:30 CST 2019
Mon Feb  4 11:56:34 CST 2019
Mon Feb  4 12:07:03 CST 2019
Mon Feb  4 12:17:24 CST 2019
Mon Feb  4 12:27:33 CST 2019
Mon Feb  4 12:37:43 CST 2019
Mon Feb  4 12:47:51 CST 2019
Mon Feb  4 12:57:59 CST 2019
Mon Feb  4 13:08:13 CST 2019
Mon Feb  4 13:18:25 CST 2019
Mon Feb  4 13:28:39 CST 2019
Mon Feb  4 13:38:51 CST 2019
Mon Feb  4 13:49:01 CST 2019
Mon Feb  4 13:59:17 CST 2019
Mon Feb  4 14:09:33 CST 2019
Mon Feb  4 14:20:09 CST 2019
Mon Feb  4 14:30:19 CST 2019
Mon Feb  4 14:40:34 CST 2019
Mon Feb  4 14:50:51 CST 2019
Mon Feb  4 15:01:01 CST 2019
Mon Feb  4 15:11:13 CST 2019
Mon Feb  4 15:21:22 CST 2019
Mon Feb  4 15:31:31 CST 2019
Mon Feb  4 15:42:27 CST 2019
Mon Feb  4 15:52:35 CST 2019
Mon Feb  4 16:02:49 CST 2019
Mon Feb  4 16:12:59 CST 2019
Mon Feb  4 16:23:07 CST 2019
Mon Feb  4 16:33:18 CST 2019
Mon Feb  4 16:43:27 CST 2019
Mon Feb  4 16:53:38 CST 2019
Mon Feb  4 17:03:48 CST 2019
Mon Feb  4 17:14:04 CST 2019
Mon Feb  4 17:24:13 CST 2019
Mon Feb  4 17:34:27 CST 2019
Mon Feb  4 17:44:35 CST 2019
Mon Feb  4 17:54:56 CST 2019
Mon Feb  4 18:05:12 CST 2019
Mon Feb  4 18:15:30 CST 2019
Mon Feb  4 18:25:51 CST 2019
Mon Feb  4 18:36:04 CST 2019
Mon Feb  4 18:46:15 CST 2019
Mon Feb  4 18:56:24 CST 2019
Mon Feb  4 19:06:32 CST 2019
Mon Feb  4 19:16:57 CST 2019
Mon Feb  4 19:27:12 CST 2019
Mon Feb  4 19:37:46 CST 2019
Mon Feb  4 19:48:23 CST 2019
Mon Feb  4 19:58:47 CST 2019
Mon Feb  4 20:09:02 CST 2019
Mon Feb  4 20:19:27 CST 2019
Mon Feb  4 20:29:43 CST 2019
Mon Feb  4 20:40:11 CST 2019
Mon Feb  4 20:50:24 CST 2019
Mon Feb  4 21:01:09 CST 2019
Mon Feb  4 21:11:27 CST 2019
Mon Feb  4 21:22:06 CST 2019
Mon Feb  4 21:32:52 CST 2019
Mon Feb  4 21:49:50 CST 2019
Mon Feb  4 22:00:08 CST 2019
Mon Feb  4 22:10:29 CST 2019
Mon Feb  4 22:20:56 CST 2019
Mon Feb  4 22:31:37 CST 2019
Mon Feb  4 22:42:08 CST 2019
Mon Feb  4 22:52:34 CST 2019
Mon Feb  4 23:03:31 CST 2019
Mon Feb  4 23:14:17 CST 2019
Mon Feb  4 23:25:00 CST 2019
Mon Feb  4 23:49:34 CST 2019
Tue Feb  5 00:00:38 CST 2019
Tue Feb  5 00:10:52 CST 2019
Tue Feb  5 00:21:11 CST 2019
Tue Feb  5 00:31:39 CST 2019
Tue Feb  5 00:43:04 CST 2019
Tue Feb  5 00:54:25 CST 2019
Tue Feb  5 01:05:06 CST 2019
Tue Feb  5 01:16:24 CST 2019
Tue Feb  5 01:26:49 CST 2019
Tue Feb  5 01:37:08 CST 2019
Tue Feb  5 01:47:52 CST 2019
Tue Feb  5 02:01:19 CST 2019
Tue Feb  5 02:15:13 CST 2019
Tue Feb  5 02:26:48 CST 2019
Tue Feb  5 02:37:25 CST 2019
Tue Feb  5 02:48:37 CST 2019
Tue Feb  5 03:03:25 CST 2019
Tue Feb  5 03:14:26 CST 2019
Tue Feb  5 03:25:04 CST 2019
Tue Feb  5 03:37:50 CST 2019
Tue Feb  5 03:50:11 CST 2019
Tue Feb  5 04:00:39 CST 2019
Tue Feb  5 04:19:02 CST 2019
Tue Feb  5 04:29:32 CST 2019
Tue Feb  5 04:39:53 CST 2019
Tue Feb  5 04:50:38 CST 2019
Tue Feb  5 05:01:36 CST 2019
Tue Feb  5 05:11:53 CST 2019
Tue Feb  5 05:22:21 CST 2019
Tue Feb  5 05:32:31 CST 2019
Tue Feb  5 05:42:42 CST 2019
Tue Feb  5 05:52:53 CST 2019
Tue Feb  5 06:03:06 CST 2019
Tue Feb  5 06:13:19 CST 2019
Tue Feb  5 06:23:31 CST 2019
Tue Feb  5 06:33:53 CST 2019
Tue Feb  5 06:45:40 CST 2019
Tue Feb  5 06:55:49 CST 2019
Tue Feb  5 07:06:00 CST 2019
Tue Feb  5 07:16:13 CST 2019
Tue Feb  5 07:26:21 CST 2019
Tue Feb  5 07:36:31 CST 2019
Tue Feb  5 07:47:27 CST 2019
Tue Feb  5 07:57:43 CST 2019
Tue Feb  5 08:07:53 CST 2019
Tue Feb  5 08:18:02 CST 2019
Tue Feb  5 08:28:14 CST 2019
Tue Feb  5 08:38:25 CST 2019
Tue Feb  5 08:48:35 CST 2019
Tue Feb  5 08:58:45 CST 2019
Tue Feb  5 09:08:55 CST 2019
Tue Feb  5 09:19:05 CST 2019
Tue Feb  5 09:29:15 CST 2019
Tue Feb  5 09:39:25 CST 2019
Tue Feb  5 09:49:35 CST 2019
Tue Feb  5 09:59:44 CST 2019
Tue Feb  5 10:09:58 CST 2019
Tue Feb  5 10:20:06 CST 2019
Tue Feb  5 10:30:18 CST 2019
Tue Feb  5 10:40:31 CST 2019
Tue Feb  5 10:50:47 CST 2019
Tue Feb  5 11:01:00 CST 2019
Tue Feb  5 11:11:10 CST 2019
Tue Feb  5 11:21:20 CST 2019
Tue Feb  5 11:31:30 CST 2019
Tue Feb  5 11:41:39 CST 2019
Tue Feb  5 11:51:48 CST 2019
Tue Feb  5 12:01:59 CST 2019
Tue Feb  5 12:12:35 CST 2019
Tue Feb  5 12:22:51 CST 2019
Tue Feb  5 12:32:59 CST 2019
Tue Feb  5 12:43:09 CST 2019
Tue Feb  5 12:53:21 CST 2019
Tue Feb  5 13:03:33 CST 2019
Tue Feb  5 13:13:42 CST 2019
Tue Feb  5 13:23:58 CST 2019
Tue Feb  5 13:34:07 CST 2019
Tue Feb  5 13:44:16 CST 2019
Tue Feb  5 13:54:27 CST 2019
Tue Feb  5 14:04:41 CST 2019
Tue Feb  5 14:14:58 CST 2019
Tue Feb  5 14:25:08 CST 2019
Tue Feb  5 14:35:17 CST 2019
Tue Feb  5 14:45:28 CST 2019
Tue Feb  5 14:55:44 CST 2019
Tue Feb  5 15:06:02 CST 2019
Tue Feb  5 15:16:12 CST 2019
Tue Feb  5 15:26:26 CST 2019
Tue Feb  5 15:36:34 CST 2019
Tue Feb  5 15:46:48 CST 2019
Tue Feb  5 15:56:56 CST 2019
Tue Feb  5 16:07:05 CST 2019
Tue Feb  5 16:17:18 CST 2019
Tue Feb  5 16:27:32 CST 2019
Tue Feb  5 16:37:41 CST 2019
Tue Feb  5 16:47:49 CST 2019
Tue Feb  5 16:58:02 CST 2019
Tue Feb  5 17:08:18 CST 2019
Tue Feb  5 17:18:34 CST 2019
Tue Feb  5 17:28:42 CST 2019
Tue Feb  5 17:38:50 CST 2019
Tue Feb  5 17:48:58 CST 2019
Tue Feb  5 17:59:10 CST 2019
Tue Feb  5 18:09:17 CST 2019
Tue Feb  5 18:19:26 CST 2019
Tue Feb  5 18:29:34 CST 2019
Tue Feb  5 18:39:49 CST 2019
Tue Feb  5 18:49:58 CST 2019
Tue Feb  5 19:00:07 CST 2019
Tue Feb  5 19:10:19 CST 2019
Tue Feb  5 19:20:30 CST 2019
Tue Feb  5 19:30:38 CST 2019
Tue Feb  5 19:40:46 CST 2019
Tue Feb  5 19:50:55 CST 2019
Tue Feb  5 20:01:03 CST 2019
Tue Feb  5 20:11:13 CST 2019
Tue Feb  5 20:21:23 CST 2019
Tue Feb  5 20:31:50 CST 2019
Tue Feb  5 20:42:08 CST 2019
Tue Feb  5 20:52:16 CST 2019
Tue Feb  5 21:02:27 CST 2019
Tue Feb  5 21:12:37 CST 2019
Tue Feb  5 21:22:49 CST 2019
Tue Feb  5 21:32:58 CST 2019
Tue Feb  5 21:43:08 CST 2019
Tue Feb  5 21:53:20 CST 2019
Tue Feb  5 22:03:31 CST 2019
Tue Feb  5 22:13:42 CST 2019
Tue Feb  5 22:23:51 CST 2019
Tue Feb  5 22:34:22 CST 2019
Tue Feb  5 22:44:43 CST 2019
Tue Feb  5 22:54:52 CST 2019
Tue Feb  5 23:05:06 CST 2019
Tue Feb  5 23:15:21 CST 2019
Tue Feb  5 23:25:34 CST 2019
Tue Feb  5 23:35:49 CST 2019
Tue Feb  5 23:46:04 CST 2019
Tue Feb  5 23:56:15 CST 2019
Wed Feb  6 00:08:04 CST 2019
Wed Feb  6 00:18:29 CST 2019
Wed Feb  6 00:28:45 CST 2019
Wed Feb  6 00:39:15 CST 2019
Wed Feb  6 00:49:35 CST 2019
Wed Feb  6 00:59:47 CST 2019
Wed Feb  6 01:10:13 CST 2019
Wed Feb  6 01:20:24 CST 2019
Wed Feb  6 01:32:51 CST 2019
Wed Feb  6 01:43:02 CST 2019
Wed Feb  6 01:53:17 CST 2019
Wed Feb  6 02:03:43 CST 2019
Wed Feb  6 02:14:29 CST 2019
Wed Feb  6 02:24:39 CST 2019
Wed Feb  6 02:35:02 CST 2019
Wed Feb  6 02:45:12 CST 2019
Wed Feb  6 02:55:24 CST 2019
Wed Feb  6 03:05:35 CST 2019
Wed Feb  6 03:15:46 CST 2019
Wed Feb  6 03:25:58 CST 2019
Wed Feb  6 03:36:06 CST 2019
Wed Feb  6 03:46:14 CST 2019
Wed Feb  6 03:56:22 CST 2019
Wed Feb  6 04:06:30 CST 2019
Wed Feb  6 04:16:38 CST 2019
Wed Feb  6 04:26:47 CST 2019
Wed Feb  6 04:36:56 CST 2019
Wed Feb  6 04:47:04 CST 2019
Wed Feb  6 04:57:13 CST 2019
Wed Feb  6 05:07:23 CST 2019
Wed Feb  6 05:17:32 CST 2019
Wed Feb  6 05:27:43 CST 2019
Wed Feb  6 05:37:51 CST 2019
Wed Feb  6 05:48:00 CST 2019
Wed Feb  6 05:58:08 CST 2019
Wed Feb  6 06:08:19 CST 2019
Wed Feb  6 06:18:28 CST 2019
Wed Feb  6 06:28:37 CST 2019
Wed Feb  6 06:38:45 CST 2019
Wed Feb  6 06:48:53 CST 2019
Wed Feb  6 06:59:01 CST 2019
Wed Feb  6 07:09:09 CST 2019
Wed Feb  6 07:19:19 CST 2019
Wed Feb  6 07:29:27 CST 2019
Wed Feb  6 07:39:35 CST 2019
Wed Feb  6 07:49:43 CST 2019
Wed Feb  6 07:59:51 CST 2019
Wed Feb  6 08:09:59 CST 2019
Wed Feb  6 08:20:07 CST 2019
Wed Feb  6 08:30:17 CST 2019
Wed Feb  6 08:40:25 CST 2019
Wed Feb  6 08:50:33 CST 2019
Wed Feb  6 09:00:41 CST 2019
Wed Feb  6 09:10:49 CST 2019
Wed Feb  6 09:20:58 CST 2019
Wed Feb  6 09:31:07 CST 2019
Wed Feb  6 09:41:16 CST 2019
Wed Feb  6 09:51:24 CST 2019
Wed Feb  6 10:01:32 CST 2019
Wed Feb  6 10:11:40 CST 2019
Wed Feb  6 10:21:48 CST 2019
Wed Feb  6 10:31:58 CST 2019
Wed Feb  6 10:42:07 CST 2019
Wed Feb  6 10:52:16 CST 2019
Wed Feb  6 11:02:24 CST 2019
Wed Feb  6 11:12:31 CST 2019
Wed Feb  6 11:22:40 CST 2019
Wed Feb  6 11:32:48 CST 2019
Wed Feb  6 11:42:57 CST 2019
Wed Feb  6 11:53:05 CST 2019
Wed Feb  6 12:03:13 CST 2019
Wed Feb  6 12:15:20 CST 2019
Wed Feb  6 12:25:30 CST 2019
Wed Feb  6 12:35:38 CST 2019
Wed Feb  6 12:45:45 CST 2019
Wed Feb  6 12:55:53 CST 2019
Wed Feb  6 13:06:00 CST 2019
Wed Feb  6 13:16:07 CST 2019
Wed Feb  6 13:26:15 CST 2019
Wed Feb  6 13:36:22 CST 2019
Wed Feb  6 13:46:30 CST 2019
Wed Feb  6 13:56:37 CST 2019
Wed Feb  6 14:06:45 CST 2019
Wed Feb  6 14:16:53 CST 2019
Wed Feb  6 14:27:03 CST 2019
Wed Feb  6 14:37:14 CST 2019
Wed Feb  6 14:47:31 CST 2019
Wed Feb  6 14:57:41 CST 2019
Wed Feb  6 15:07:53 CST 2019
Wed Feb  6 15:18:16 CST 2019
Wed Feb  6 15:28:26 CST 2019
Wed Feb  6 15:38:39 CST 2019
Wed Feb  6 15:48:47 CST 2019
Wed Feb  6 15:59:07 CST 2019
Wed Feb  6 16:09:17 CST 2019
Wed Feb  6 16:19:36 CST 2019
Wed Feb  6 16:29:58 CST 2019
Wed Feb  6 16:40:09 CST 2019
Wed Feb  6 16:50:22 CST 2019
Wed Feb  6 17:00:31 CST 2019
Wed Feb  6 17:10:39 CST 2019
Wed Feb  6 17:20:46 CST 2019
Wed Feb  6 17:30:54 CST 2019
Wed Feb  6 17:41:01 CST 2019
Wed Feb  6 17:51:10 CST 2019
Wed Feb  6 18:01:19 CST 2019
Wed Feb  6 18:11:26 CST 2019
Wed Feb  6 18:21:34 CST 2019
Wed Feb  6 18:31:42 CST 2019
Wed Feb  6 18:41:54 CST 2019
Wed Feb  6 18:52:02 CST 2019
Wed Feb  6 19:02:10 CST 2019
Wed Feb  6 19:12:20 CST 2019
Wed Feb  6 19:22:28 CST 2019
Wed Feb  6 19:32:40 CST 2019
Wed Feb  6 19:42:47 CST 2019
Wed Feb  6 19:52:56 CST 2019
Wed Feb  6 20:03:06 CST 2019
Wed Feb  6 20:13:17 CST 2019
Wed Feb  6 20:23:27 CST 2019
Wed Feb  6 20:33:37 CST 2019
Wed Feb  6 20:43:46 CST 2019
Wed Feb  6 20:53:54 CST 2019
Wed Feb  6 21:04:02 CST 2019
Wed Feb  6 21:14:11 CST 2019
Wed Feb  6 21:24:20 CST 2019
Wed Feb  6 21:34:28 CST 2019
Wed Feb  6 21:44:36 CST 2019
Wed Feb  6 21:54:46 CST 2019
Wed Feb  6 22:04:57 CST 2019
Wed Feb  6 22:15:05 CST 2019
Wed Feb  6 22:25:15 CST 2019
Wed Feb  6 22:35:24 CST 2019
Wed Feb  6 22:45:33 CST 2019
Wed Feb  6 22:55:41 CST 2019
Wed Feb  6 23:05:50 CST 2019
Wed Feb  6 23:15:58 CST 2019
Wed Feb  6 23:26:06 CST 2019
Wed Feb  6 23:36:17 CST 2019
Wed Feb  6 23:46:29 CST 2019
Wed Feb  6 23:56:37 CST 2019
Thu Feb  7 00:06:46 CST 2019
Thu Feb  7 00:16:57 CST 2019
Thu Feb  7 00:27:05 CST 2019
Thu Feb  7 00:37:18 CST 2019
Thu Feb  7 00:47:26 CST 2019
Thu Feb  7 00:57:36 CST 2019
Thu Feb  7 01:07:47 CST 2019
Thu Feb  7 01:18:01 CST 2019
Thu Feb  7 01:28:09 CST 2019
Thu Feb  7 01:38:23 CST 2019
Thu Feb  7 01:48:41 CST 2019
Thu Feb  7 01:58:50 CST 2019
Thu Feb  7 02:09:00 CST 2019
Thu Feb  7 02:19:13 CST 2019
Thu Feb  7 02:29:22 CST 2019
Thu Feb  7 02:39:31 CST 2019
Thu Feb  7 02:49:45 CST 2019
Thu Feb  7 02:59:57 CST 2019
Thu Feb  7 03:10:05 CST 2019
Thu Feb  7 03:20:13 CST 2019
Thu Feb  7 03:30:23 CST 2019
Thu Feb  7 03:40:32 CST 2019
Thu Feb  7 03:50:41 CST 2019
Thu Feb  7 04:00:49 CST 2019
Thu Feb  7 04:10:59 CST 2019
Thu Feb  7 04:21:07 CST 2019
Thu Feb  7 04:31:16 CST 2019
Thu Feb  7 04:41:24 CST 2019
Thu Feb  7 04:51:32 CST 2019
Thu Feb  7 05:01:40 CST 2019
Thu Feb  7 05:11:48 CST 2019
Thu Feb  7 05:21:56 CST 2019
Thu Feb  7 05:32:04 CST 2019
Thu Feb  7 05:42:12 CST 2019
Thu Feb  7 05:52:20 CST 2019
Thu Feb  7 06:02:28 CST 2019
Thu Feb  7 06:12:35 CST 2019
Thu Feb  7 06:22:43 CST 2019
Thu Feb  7 06:32:51 CST 2019
Thu Feb  7 06:42:59 CST 2019
Thu Feb  7 06:53:07 CST 2019
Thu Feb  7 07:03:16 CST 2019
Thu Feb  7 07:13:24 CST 2019
Thu Feb  7 07:23:32 CST 2019
Thu Feb  7 07:33:40 CST 2019
Thu Feb  7 07:43:47 CST 2019
Thu Feb  7 07:53:55 CST 2019
Thu Feb  7 08:04:02 CST 2019
Thu Feb  7 08:14:10 CST 2019
Thu Feb  7 08:24:19 CST 2019
Thu Feb  7 08:34:27 CST 2019
Thu Feb  7 08:44:35 CST 2019
Thu Feb  7 08:54:43 CST 2019
Thu Feb  7 09:04:51 CST 2019
Thu Feb  7 09:15:00 CST 2019
Thu Feb  7 09:25:08 CST 2019
Thu Feb  7 09:35:16 CST 2019
Thu Feb  7 09:45:24 CST 2019
Thu Feb  7 09:55:33 CST 2019
Thu Feb  7 10:05:42 CST 2019
Thu Feb  7 10:15:50 CST 2019
Thu Feb  7 10:25:58 CST 2019
Thu Feb  7 10:36:05 CST 2019
Thu Feb  7 10:46:14 CST 2019
Thu Feb  7 10:56:22 CST 2019
Thu Feb  7 11:06:30 CST 2019
Thu Feb  7 11:16:38 CST 2019
Thu Feb  7 11:26:46 CST 2019
Thu Feb  7 11:36:55 CST 2019
Thu Feb  7 11:47:08 CST 2019
Thu Feb  7 11:57:42 CST 2019
Thu Feb  7 12:08:20 CST 2019
Thu Feb  7 12:18:34 CST 2019
Thu Feb  7 12:28:41 CST 2019
Thu Feb  7 12:38:48 CST 2019
Thu Feb  7 12:48:55 CST 2019
Thu Feb  7 12:59:03 CST 2019
Thu Feb  7 13:09:11 CST 2019
Thu Feb  7 13:19:20 CST 2019
Thu Feb  7 13:29:28 CST 2019
Thu Feb  7 13:39:36 CST 2019
Thu Feb  7 13:49:45 CST 2019
Thu Feb  7 13:59:52 CST 2019
Thu Feb  7 14:10:02 CST 2019
Thu Feb  7 14:20:10 CST 2019
Thu Feb  7 14:30:19 CST 2019
Thu Feb  7 14:40:26 CST 2019
Thu Feb  7 14:50:34 CST 2019
Thu Feb  7 15:00:42 CST 2019
Thu Feb  7 15:10:50 CST 2019
Thu Feb  7 15:20:59 CST 2019
Thu Feb  7 15:31:07 CST 2019
Thu Feb  7 15:41:15 CST 2019
Thu Feb  7 15:51:23 CST 2019
Thu Feb  7 16:01:33 CST 2019
Thu Feb  7 16:11:41 CST 2019
Thu Feb  7 16:21:50 CST 2019
Thu Feb  7 16:31:58 CST 2019
Thu Feb  7 16:42:21 CST 2019
Thu Feb  7 16:52:44 CST 2019
Thu Feb  7 17:02:51 CST 2019
Thu Feb  7 17:12:59 CST 2019
Thu Feb  7 17:23:07 CST 2019
Thu Feb  7 17:33:16 CST 2019
Thu Feb  7 17:43:24 CST 2019
Thu Feb  7 17:53:32 CST 2019
Thu Feb  7 18:03:40 CST 2019
Thu Feb  7 18:13:48 CST 2019
Thu Feb  7 18:23:55 CST 2019
Thu Feb  7 18:34:03 CST 2019
Thu Feb  7 18:44:11 CST 2019
Thu Feb  7 18:54:27 CST 2019
Thu Feb  7 19:04:37 CST 2019
Thu Feb  7 19:14:45 CST 2019
Thu Feb  7 19:24:53 CST 2019
Thu Feb  7 19:35:01 CST 2019
Thu Feb  7 19:45:09 CST 2019
Thu Feb  7 19:55:17 CST 2019
Thu Feb  7 20:05:26 CST 2019
Thu Feb  7 20:15:35 CST 2019
Thu Feb  7 20:25:47 CST 2019
Thu Feb  7 20:35:56 CST 2019
Thu Feb  7 20:46:06 CST 2019
Thu Feb  7 20:56:25 CST 2019
Thu Feb  7 21:06:40 CST 2019
Thu Feb  7 21:16:49 CST 2019
Thu Feb  7 21:26:58 CST 2019
Thu Feb  7 21:37:08 CST 2019
Thu Feb  7 21:47:18 CST 2019
Thu Feb  7 21:57:25 CST 2019
Thu Feb  7 22:07:34 CST 2019
Thu Feb  7 22:17:48 CST 2019
Thu Feb  7 22:28:04 CST 2019
Thu Feb  7 22:38:14 CST 2019
Thu Feb  7 22:48:27 CST 2019
Thu Feb  7 22:58:51 CST 2019
Thu Feb  7 23:08:59 CST 2019
Thu Feb  7 23:19:07 CST 2019
Thu Feb  7 23:29:16 CST 2019
Thu Feb  7 23:39:24 CST 2019
Thu Feb  7 23:49:32 CST 2019
Thu Feb  7 23:59:40 CST 2019
Fri Feb  8 00:09:49 CST 2019
Fri Feb  8 00:19:56 CST 2019
Fri Feb  8 00:30:05 CST 2019
Fri Feb  8 00:40:14 CST 2019
Fri Feb  8 00:50:23 CST 2019
Fri Feb  8 01:00:33 CST 2019
Fri Feb  8 01:10:41 CST 2019
Fri Feb  8 01:20:49 CST 2019
Fri Feb  8 01:30:59 CST 2019
Fri Feb  8 01:41:08 CST 2019
Fri Feb  8 01:51:17 CST 2019
Fri Feb  8 02:01:27 CST 2019
Fri Feb  8 02:11:37 CST 2019
Fri Feb  8 02:21:46 CST 2019
Fri Feb  8 02:31:54 CST 2019
Fri Feb  8 02:42:02 CST 2019
Fri Feb  8 02:52:11 CST 2019
Fri Feb  8 03:02:22 CST 2019
Fri Feb  8 03:12:32 CST 2019
Fri Feb  8 03:22:43 CST 2019
Fri Feb  8 03:32:51 CST 2019
Fri Feb  8 03:43:00 CST 2019
Fri Feb  8 03:53:09 CST 2019
Fri Feb  8 04:03:17 CST 2019
Fri Feb  8 04:13:27 CST 2019
Fri Feb  8 04:23:35 CST 2019
Fri Feb  8 04:33:43 CST 2019
Fri Feb  8 04:43:50 CST 2019
Fri Feb  8 04:53:59 CST 2019
Fri Feb  8 05:04:06 CST 2019
Fri Feb  8 05:14:14 CST 2019
Fri Feb  8 05:24:23 CST 2019
Fri Feb  8 05:34:31 CST 2019
Fri Feb  8 05:44:39 CST 2019
Fri Feb  8 05:54:46 CST 2019
Fri Feb  8 06:04:53 CST 2019
Fri Feb  8 06:15:04 CST 2019
Fri Feb  8 06:25:11 CST 2019
Fri Feb  8 06:35:20 CST 2019
Fri Feb  8 06:45:27 CST 2019
Fri Feb  8 06:55:35 CST 2019
Fri Feb  8 07:05:43 CST 2019
Fri Feb  8 07:15:50 CST 2019
Fri Feb  8 07:25:57 CST 2019
Fri Feb  8 07:36:05 CST 2019
Fri Feb  8 07:46:12 CST 2019
Fri Feb  8 07:56:22 CST 2019
Fri Feb  8 08:06:29 CST 2019
Fri Feb  8 08:16:37 CST 2019
Fri Feb  8 08:26:45 CST 2019
Fri Feb  8 08:36:52 CST 2019
Fri Feb  8 08:47:00 CST 2019
Fri Feb  8 08:57:08 CST 2019
Fri Feb  8 09:07:16 CST 2019
Fri Feb  8 09:17:24 CST 2019
Fri Feb  8 09:27:31 CST 2019
Fri Feb  8 09:37:41 CST 2019
Fri Feb  8 09:47:49 CST 2019
Fri Feb  8 09:57:57 CST 2019
Fri Feb  8 10:08:05 CST 2019
Fri Feb  8 10:18:16 CST 2019
Fri Feb  8 10:28:27 CST 2019
Fri Feb  8 10:38:37 CST 2019
Fri Feb  8 10:48:44 CST 2019
Fri Feb  8 10:58:54 CST 2019
Fri Feb  8 11:09:04 CST 2019
Fri Feb  8 11:19:12 CST 2019
Fri Feb  8 11:29:22 CST 2019
Fri Feb  8 11:39:30 CST 2019
Fri Feb  8 11:49:39 CST 2019
Fri Feb  8 11:59:48 CST 2019
Fri Feb  8 12:09:57 CST 2019
Fri Feb  8 12:20:05 CST 2019
Fri Feb  8 12:30:14 CST 2019
Fri Feb  8 12:40:23 CST 2019
Fri Feb  8 12:50:31 CST 2019
Fri Feb  8 13:00:39 CST 2019
Fri Feb  8 13:10:47 CST 2019
Fri Feb  8 13:20:55 CST 2019
Fri Feb  8 13:31:03 CST 2019
Fri Feb  8 13:41:10 CST 2019
Fri Feb  8 13:51:20 CST 2019
Fri Feb  8 14:01:28 CST 2019
Fri Feb  8 14:11:36 CST 2019
Fri Feb  8 14:21:44 CST 2019
Fri Feb  8 14:31:52 CST 2019
Fri Feb  8 14:42:00 CST 2019
Fri Feb  8 14:52:07 CST 2019
Fri Feb  8 15:02:15 CST 2019
Fri Feb  8 15:12:25 CST 2019
Fri Feb  8 15:22:34 CST 2019
Fri Feb  8 15:32:42 CST 2019
Fri Feb  8 15:42:49 CST 2019
Fri Feb  8 15:52:57 CST 2019
Fri Feb  8 16:03:05 CST 2019
Fri Feb  8 16:13:14 CST 2019
Fri Feb  8 16:23:24 CST 2019
Fri Feb  8 16:33:31 CST 2019
Fri Feb  8 16:43:39 CST 2019
Fri Feb  8 16:53:47 CST 2019
Fri Feb  8 17:03:55 CST 2019
Fri Feb  8 17:14:03 CST 2019
Fri Feb  8 17:24:12 CST 2019
Fri Feb  8 17:34:20 CST 2019
Fri Feb  8 17:44:28 CST 2019
Fri Feb  8 17:54:35 CST 2019
Fri Feb  8 18:04:44 CST 2019
Fri Feb  8 18:14:52 CST 2019
Fri Feb  8 18:25:00 CST 2019
Fri Feb  8 18:35:35 CST 2019
Fri Feb  8 18:46:00 CST 2019
Fri Feb  8 18:56:11 CST 2019
Fri Feb  8 19:06:28 CST 2019
Fri Feb  8 19:16:41 CST 2019
Fri Feb  8 19:26:58 CST 2019
Fri Feb  8 19:37:20 CST 2019
Fri Feb  8 19:47:31 CST 2019
Fri Feb  8 19:57:41 CST 2019
Fri Feb  8 20:07:49 CST 2019
Fri Feb  8 20:21:11 CST 2019
Fri Feb  8 20:31:25 CST 2019
Fri Feb  8 20:41:33 CST 2019
Fri Feb  8 20:51:45 CST 2019
Fri Feb  8 21:01:54 CST 2019
Fri Feb  8 21:12:02 CST 2019
Fri Feb  8 21:22:11 CST 2019
Fri Feb  8 21:32:22 CST 2019
Fri Feb  8 21:42:30 CST 2019
Fri Feb  8 21:52:41 CST 2019
Fri Feb  8 22:02:53 CST 2019
Fri Feb  8 22:13:01 CST 2019
Fri Feb  8 22:23:19 CST 2019
Fri Feb  8 22:33:29 CST 2019
Fri Feb  8 22:43:41 CST 2019
Fri Feb  8 22:53:49 CST 2019
Fri Feb  8 23:03:58 CST 2019
Fri Feb  8 23:14:08 CST 2019
Fri Feb  8 23:24:18 CST 2019
Fri Feb  8 23:34:27 CST 2019
Fri Feb  8 23:44:35 CST 2019
Fri Feb  8 23:54:43 CST 2019
Sat Feb  9 00:04:51 CST 2019
Sat Feb  9 00:15:00 CST 2019
Sat Feb  9 00:25:09 CST 2019
Sat Feb  9 00:35:17 CST 2019
Sat Feb  9 00:45:29 CST 2019
Sat Feb  9 00:55:36 CST 2019
Sat Feb  9 01:05:46 CST 2019
Sat Feb  9 01:15:54 CST 2019
Sat Feb  9 01:26:05 CST 2019
Sat Feb  9 01:36:16 CST 2019
Sat Feb  9 01:46:52 CST 2019
Sat Feb  9 01:57:06 CST 2019
Sat Feb  9 02:07:15 CST 2019
Sat Feb  9 02:17:31 CST 2019
Sat Feb  9 02:27:40 CST 2019
Sat Feb  9 02:37:48 CST 2019
Sat Feb  9 02:47:55 CST 2019
Sat Feb  9 02:58:03 CST 2019
Sat Feb  9 03:08:10 CST 2019
Sat Feb  9 03:18:20 CST 2019
Sat Feb  9 03:28:30 CST 2019
Sat Feb  9 03:38:41 CST 2019
Sat Feb  9 03:48:48 CST 2019
Sat Feb  9 03:58:56 CST 2019
Sat Feb  9 04:09:05 CST 2019
Sat Feb  9 04:19:13 CST 2019
Sat Feb  9 04:29:22 CST 2019
Sat Feb  9 04:39:33 CST 2019
Sat Feb  9 04:49:41 CST 2019
Sat Feb  9 04:59:49 CST 2019
Sat Feb  9 05:09:57 CST 2019
Sat Feb  9 05:20:05 CST 2019
Sat Feb  9 05:30:12 CST 2019
Sat Feb  9 05:40:20 CST 2019
Sat Feb  9 05:50:28 CST 2019
Sat Feb  9 06:00:37 CST 2019
Sat Feb  9 06:10:47 CST 2019
Sat Feb  9 06:20:55 CST 2019
Sat Feb  9 06:31:02 CST 2019
Sat Feb  9 06:41:09 CST 2019
Sat Feb  9 06:51:17 CST 2019
Sat Feb  9 07:01:26 CST 2019
Sat Feb  9 07:11:33 CST 2019
Sat Feb  9 07:21:40 CST 2019
Sat Feb  9 07:31:47 CST 2019
Sat Feb  9 07:41:54 CST 2019
Sat Feb  9 07:52:02 CST 2019
Sat Feb  9 08:02:09 CST 2019
Sat Feb  9 08:12:17 CST 2019
Sat Feb  9 08:22:26 CST 2019
Sat Feb  9 08:32:33 CST 2019
Sat Feb  9 08:42:41 CST 2019
Sat Feb  9 08:52:49 CST 2019
Sat Feb  9 09:02:57 CST 2019
Sat Feb  9 09:13:05 CST 2019
Sat Feb  9 09:23:13 CST 2019
Sat Feb  9 09:33:22 CST 2019
Sat Feb  9 09:43:29 CST 2019
Sat Feb  9 09:53:37 CST 2019
